<?xml version="1.0" encoding="UTF-8"?>
<!-- Generated by org.testng.reporters.JUnitXMLReporter -->
<testsuite ignored="0" hostname="Chaitra" failures="0" tests="6" name="MyfirstTest" time="0.119" errors="0" timestamp="2024-02-12T13:49:43 PST">
  <testcase classname="com.testng.day1.TestNgOne" name="testscript_1" time="0.012"/>
  <testcase classname="com.testng.day1.TestNgOne" name="testscript_2" time="0.004"/>
  <testcase classname="com.testng.day1.TestNgOne" name="testscript_3" time="0.006"/>
  <testcase classname="com.testng.day1.TestNgTestTwo" name="testscript_1" time="0.002"/>
  <testcase classname="com.testng.day1.TestNgTestTwo" name="testscript_2" time="0.005"/>
  <testcase classname="com.testng.day1.TestNgTestTwo" name="testscript_3" time="0.002"/>
</testsuite> <!-- MyfirstTest -->
