<?xml version="1.0" encoding="UTF-8"?>
<!-- Generated by org.testng.reporters.JUnitXMLReporter -->
<testsuite ignored="2" hostname="Chaitra" failures="0" tests="2" name="TestNG Groups Example" time="0.068" errors="0" timestamp="2024-02-12T15:44:31 PST">
  <testcase classname="com.testng.day2.TestNGGroupsExample" name="testMethod1" time="0.011"/>
  <testcase classname="com.testng.day2.TestNGGroupsExample" name="testMethod2" time="0.004"/>
  <testcase classname="com.testng.day2.TestNGGroupsExample" name="testMethod3" time="0.0">
    <ignored/>
  </testcase> <!-- testMethod3 -->
  <testcase classname="com.testng.day2.TestNGGroupsExample" name="testMethod4" time="0.0">
    <ignored/>
  </testcase> <!-- testMethod4 -->
</testsuite> <!-- TestNG Groups Example -->
