<?xml version="1.0" encoding="UTF-8"?>
<!-- Generated by org.testng.reporters.JUnitXMLReporter -->
<testsuite ignored="0" hostname="Chaitra" failures="0" tests="8" name="Default test" time="106.605" errors="0" timestamp="2024-02-20T21:49:03 PST">
  <testcase classname="com.salesforce.SFDCcontacts" name="CaseTC31" time="13.61"/>
  <testcase classname="com.salesforce.SFDCcontacts" name="CaseTc30" time="14.568"/>
  <testcase classname="com.salesforce.SFDCcontacts" name="CaseTc32" time="15.401"/>
  <testcase classname="com.salesforce.SFDCcontacts" name="caseTC26" time="11.783"/>
  <testcase classname="com.salesforce.SFDCcontacts" name="caseTC27" time="12.005"/>
  <testcase classname="com.salesforce.SFDCcontacts" name="caseTC28" time="12.544"/>
  <testcase classname="com.salesforce.SFDCcontacts" name="caseTC29" time="13.737"/>
  <testcase classname="com.salesforce.SFDCcontacts" name="caseTc25" time="12.742"/>
</testsuite> <!-- Default test -->
