<?xml version="1.0" encoding="UTF-8"?>
<!-- Generated by org.testng.reporters.JUnitXMLReporter -->
<testsuite ignored="0" hostname="Chaitra" failures="1" tests="2" name="Test1" time="24.487" errors="0" timestamp="2024-02-12T17:53:40 PST">
  <testcase classname="com.testng.day2.AutomationScripts1" name="demoqaTest" time="12.979">
    <failure type="java.lang.AssertionError" message="expected [true] but found [false]">
      <![CDATA[java.lang.AssertionError: expected [true] but found [false]
at com.testng.day2.AutomationScripts1.demoqaTest(AutomationScripts1.java:38)
at java.base/java.util.ArrayList.forEach(ArrayList.java:1511)
... Removed 31 stack frames]]>
    </failure>
  </testcase> <!-- demoqaTest -->
  <testcase classname="com.testng.day2.AutomationScripts1" name="firebaseTest" time="11.457"/>
</testsuite> <!-- Test1 -->
