<?xml version="1.0" encoding="UTF-8"?>
<!-- Generated by org.testng.reporters.JUnitXMLReporter -->
<testsuite ignored="0" hostname="Chaitra" failures="1" tests="2" name="Test2" time="23.544" errors="0" timestamp="2024-02-12T17:54:03 PST">
  <testcase classname="com.testng.day2.AutomationScripts2" name="googleTest" time="12.015">
    <failure type="java.lang.AssertionError" message="The following asserts failed:
	expected object to not be null">
      <![CDATA[java.lang.AssertionError: The following asserts failed:
expected object to not be null
at com.testng.day2.AutomationScripts2.googleTest(AutomationScripts2.java:45)
at java.base/java.util.ArrayList.forEach(ArrayList.java:1511)
... Removed 29 stack frames]]>
    </failure>
  </testcase> <!-- googleTest -->
  <testcase classname="com.testng.day2.AutomationScripts2" name="salesforceTest" time="11.523"/>
</testsuite> <!-- Test2 -->
