<?xml version="1.0" encoding="UTF-8"?>
<testng-results ignored="0" total="8" passed="8" failed="0" skipped="0">
  <reporter-output>
  </reporter-output>
  <suite started-at="2024-02-20T21:47:17 PST" name="Default suite" finished-at="2024-02-20T21:49:03 PST" duration-ms="106605">
    <groups>
    </groups>
    <test started-at="2024-02-20T21:47:17 PST" name="Default test" finished-at="2024-02-20T21:49:03 PST" duration-ms="106605">
      <class name="com.salesforce.SFDCcontacts">
        <test-method signature="CaseTC31()[pri:0, instance:com.salesforce.SFDCcontacts@7f6f61c8]" started-at="2024-02-20T21:47:17 PST" name="CaseTC31" finished-at="2024-02-20T21:47:31 PST" duration-ms="13610" status="PASS">
          <reporter-output>
          </reporter-output>
        </test-method> <!-- CaseTC31 -->
        <test-method signature="CaseTc30()[pri:0, instance:com.salesforce.SFDCcontacts@7f6f61c8]" started-at="2024-02-20T21:47:31 PST" name="CaseTc30" finished-at="2024-02-20T21:47:45 PST" duration-ms="14568" status="PASS">
          <reporter-output>
          </reporter-output>
        </test-method> <!-- CaseTc30 -->
        <test-method signature="CaseTc32()[pri:0, instance:com.salesforce.SFDCcontacts@7f6f61c8]" started-at="2024-02-20T21:47:45 PST" name="CaseTc32" finished-at="2024-02-20T21:48:01 PST" duration-ms="15401" status="PASS">
          <reporter-output>
          </reporter-output>
        </test-method> <!-- CaseTc32 -->
        <test-method signature="caseTC26()[pri:0, instance:com.salesforce.SFDCcontacts@7f6f61c8]" started-at="2024-02-20T21:48:01 PST" name="caseTC26" finished-at="2024-02-20T21:48:12 PST" duration-ms="11783" status="PASS">
          <reporter-output>
          </reporter-output>
        </test-method> <!-- caseTC26 -->
        <test-method signature="caseTC27()[pri:0, instance:com.salesforce.SFDCcontacts@7f6f61c8]" started-at="2024-02-20T21:48:12 PST" name="caseTC27" finished-at="2024-02-20T21:48:24 PST" duration-ms="12005" status="PASS">
          <reporter-output>
          </reporter-output>
        </test-method> <!-- caseTC27 -->
        <test-method signature="caseTC28()[pri:0, instance:com.salesforce.SFDCcontacts@7f6f61c8]" started-at="2024-02-20T21:48:24 PST" name="caseTC28" finished-at="2024-02-20T21:48:37 PST" duration-ms="12544" status="PASS">
          <reporter-output>
          </reporter-output>
        </test-method> <!-- caseTC28 -->
        <test-method signature="caseTC29()[pri:0, instance:com.salesforce.SFDCcontacts@7f6f61c8]" started-at="2024-02-20T21:48:37 PST" name="caseTC29" finished-at="2024-02-20T21:48:51 PST" duration-ms="13737" status="PASS">
          <reporter-output>
          </reporter-output>
        </test-method> <!-- caseTC29 -->
        <test-method signature="caseTc25()[pri:0, instance:com.salesforce.SFDCcontacts@7f6f61c8]" started-at="2024-02-20T21:48:51 PST" name="caseTc25" finished-at="2024-02-20T21:49:03 PST" duration-ms="12742" status="PASS">
          <reporter-output>
          </reporter-output>
        </test-method> <!-- caseTc25 -->
      </class> <!-- com.salesforce.SFDCcontacts -->
    </test> <!-- Default test -->
  </suite> <!-- Default suite -->
</testng-results>
