<?xml version="1.0" encoding="UTF-8"?>
<!-- Generated by org.testng.reporters.JUnitXMLReporter -->
<testsuite ignored="0" hostname="Chaitra" failures="0" tests="7" name="Testnew" time="0.13" errors="0" timestamp="2024-02-12T15:29:56 PST">
  <testcase classname="com.testng.day1.TestNgTestTwo" name="testscript_1" time="0.01"/>
  <testcase classname="com.testng.day1.TestNgTestTwo" name="testscript_2" time="0.005"/>
  <testcase classname="com.testng.day1.TestNgTestTwo" name="testscript_3" time="0.004"/>
  <testcase classname="com.testng.day1.TestNgOne" name="testscript_2" time="0.008"/>
  <testcase classname="com.testng.day1.TestNgOne" name="testscript_1" time="0.001"/>
  <testcase classname="com.testng.day1.TestNgOne" name="testscript_3" time="0.001"/>
  <testcase classname="com.testng.day1.Testclass1" name="login" time="0.003"/>
</testsuite> <!-- Testnew -->
