<?xml version="1.0" encoding="UTF-8"?>
<!-- Generated by org.testng.reporters.JUnitXMLReporter -->
<testsuite ignored="0" hostname="Chaitra" failures="0" tests="3" name="TestNew2" time="0.017" errors="0" timestamp="2024-02-12T15:18:30 PST">
  <testcase classname="com.testng.day1.TestNgTest11" name="testscript_1" time="0.002"/>
  <testcase classname="com.testng.day1.TestNgTest11" name="testscript_2" time="0.002"/>
  <testcase classname="com.testng.day1.TestNgTest11" name="testscript_3" time="0.001"/>
</testsuite> <!-- TestNew2 -->
