<?xml version="1.0" encoding="UTF-8"?>
<!-- Generated by org.testng.reporters.JUnitXMLReporter -->
<testsuite ignored="0" hostname="Chaitra" failures="0" tests="7" name="Test" time="92.455" errors="0" timestamp="2024-02-17T17:56:33 PST">
  <testcase classname="com.salesforce.SFDCLoginMethod" name="leads" time="15.626"/>
  <testcase classname="com.salesforce.SFDCLoginMethod" name="login" time="11.413"/>
  <testcase classname="com.salesforce.SFDCLoginMethod" name="oppurtunity" time="12.158"/>
  <testcase classname="com.salesforce.SFDCLoginMethod" name="leads" time="13.026"/>
  <testcase classname="com.salesforce.SFDCLoginMethod" name="login" time="11.577"/>
  <testcase classname="com.salesforce.SFDCLoginMethod" name="oppurtunity" time="13.289"/>
  <testcase classname="com.salesforce.SFDCcontacts" name="caseTc25" time="15.281"/>
</testsuite> <!-- Test -->
